Arguments: 
  /usr/local/heroku/bin/node /usr/local/heroku/bin/yarn add --dev webpack-dev-server@2.11.2

PATH: 
  /home/ubuntu/.rvm/gems/ruby-2.6.3/bin:/usr/local/heroku/bin:/home/ubuntu/.nvm/versions/node/v10.21.0/bin:/home/ubuntu/.rvm/gems/ruby-2.6.3@global/bin:/home/ubuntu/.rvm/rubies/ruby-2.6.3/bin:/usr/local/sbin:/usr/local/bin:/usr/sbin:/usr/bin:/sbin:/bin:/usr/games:/usr/local/games:/home/ubuntu/.local/bin:/home/ubuntu/bin:/home/ubuntu/.rvm/bin:/snap/bin

Yarn version: 
  1.22.10

Node version: 
  12.16.2

Platform: 
  linux x64

Trace: 
  Error: getaddrinfo EAI_AGAIN registry.yarnpkg.com
      at GetAddrInfoReqWrap.onlookup [as oncomplete] (dns.js:64:26)

npm manifest: 
  {
    "name": "sample_app",
    "private": true,
    "dependencies": {}
  }

yarn manifest: 
  No manifest

Lockfile: 
  # THIS IS AN AUTOGENERATED FILE. DO NOT EDIT THIS FILE DIRECTLY.
  # yarn lockfile v1
